<?xml version="1.0" encoding="UTF-8"?>
<testng-results ignored="0" total="0" passed="0" failed="0" skipped="0">
  <reporter-output>
  </reporter-output>
  <suite started-at="2024-05-16T12:50:21 EDT" name="Default suite" finished-at="2024-05-16T12:50:23 EDT" duration-ms="1612">
    <groups>
      <group name="cucumber">
        <method signature="AbstractTestNGCucumberTests.feature(cucumber.api.testng.CucumberFeatureWrapper)[pri:0, instance:Test_Runner2.Our_Test2@4b741d6d]" name="feature" class="cucumber.api.testng.AbstractTestNGCucumberTests"/>
      </group> <!-- cucumber -->
    </groups>
    <test started-at="2024-05-16T12:50:21 EDT" name="Default test" finished-at="2024-05-16T12:50:23 EDT" duration-ms="1612">
      <class name="Test_Runner2.Our_Test2">
        <test-method is-config="true" signature="setUpClass()[pri:0, instance:Test_Runner2.Our_Test2@4b741d6d]" started-at="2024-05-16T12:50:21 EDT" name="setUpClass" finished-at="2024-05-16T12:50:22 EDT" duration-ms="864" status="PASS">
          <reporter-output>
          </reporter-output>
        </test-method> <!-- setUpClass -->
        <test-method is-config="true" signature="tearDownClass()[pri:0, instance:Test_Runner2.Our_Test2@4b741d6d]" started-at="2024-05-16T12:50:22 EDT" name="tearDownClass" finished-at="2024-05-16T12:50:23 EDT" duration-ms="574" status="PASS">
          <reporter-output>
          </reporter-output>
        </test-method> <!-- tearDownClass -->
      </class> <!-- Test_Runner2.Our_Test2 -->
    </test> <!-- Default test -->
  </suite> <!-- Default suite -->
</testng-results>
